<?xml version="1.0" encoding="UTF-8"?>
<testng-results ignored="0" total="1" passed="1" failed="0" skipped="0">
  <reporter-output>
  </reporter-output>
  <suite started-at="2026-03-11T08:27:47 IST" name="Default suite" finished-at="2026-03-11T08:28:32 IST" duration-ms="44174">
    <groups>
    </groups>
    <test started-at="2026-03-11T08:27:47 IST" name="Default test" finished-at="2026-03-11T08:28:32 IST" duration-ms="44174">
      <class name="com.tests.AmazonCartTest">
        <test-method is-config="true" signature="cleanOldReports()[pri:0, instance:com.tests.AmazonCartTest@b3ca52e]" started-at="2026-03-11T08:27:47 IST" name="cleanOldReports" finished-at="2026-03-11T08:27:47 IST" duration-ms="22" status="PASS">
          <reporter-output>
          </reporter-output>
        </test-method> <!-- cleanOldReports -->
        <test-method is-config="true" signature="setup()[pri:0, instance:com.tests.AmazonCartTest@b3ca52e]" started-at="2026-03-11T08:27:47 IST" name="setup" finished-at="2026-03-11T08:27:54 IST" duration-ms="6440" status="PASS">
          <reporter-output>
          </reporter-output>
        </test-method> <!-- setup -->
        <test-method signature="verifyPrinterAddToCart()[pri:0, instance:com.tests.AmazonCartTest@b3ca52e]" started-at="2026-03-11T08:27:54 IST" name="verifyPrinterAddToCart" finished-at="2026-03-11T08:28:31 IST" duration-ms="36972" status="PASS">
          <reporter-output>
          </reporter-output>
        </test-method> <!-- verifyPrinterAddToCart -->
        <test-method is-config="true" signature="tearDown()[pri:0, instance:com.tests.AmazonCartTest@b3ca52e]" started-at="2026-03-11T08:28:31 IST" name="tearDown" finished-at="2026-03-11T08:28:32 IST" duration-ms="695" status="PASS">
          <reporter-output>
          </reporter-output>
        </test-method> <!-- tearDown -->
      </class> <!-- com.tests.AmazonCartTest -->
    </test> <!-- Default test -->
  </suite> <!-- Default suite -->
</testng-results>
