<?xml version="1.0" encoding="UTF-8"?>
<testng-results ignored="0" total="1" passed="1" failed="0" skipped="0">
  <reporter-output>
  </reporter-output>
  <suite started-at="2026-03-11T15:23:00 IST" name="Default suite" finished-at="2026-03-11T15:23:29 IST" duration-ms="29212">
    <groups>
    </groups>
    <test started-at="2026-03-11T15:23:00 IST" name="Default test" finished-at="2026-03-11T15:23:29 IST" duration-ms="29212">
      <class name="com.tests.AmazonCartTest">
        <test-method is-config="true" signature="cleanOldReports()[pri:0, instance:com.tests.AmazonCartTest@b3ca52e]" started-at="2026-03-11T15:23:00 IST" name="cleanOldReports" finished-at="2026-03-11T15:23:00 IST" duration-ms="20" status="PASS">
          <reporter-output>
          </reporter-output>
        </test-method> <!-- cleanOldReports -->
        <test-method is-config="true" signature="setup()[pri:0, instance:com.tests.AmazonCartTest@b3ca52e]" started-at="2026-03-11T15:23:00 IST" name="setup" finished-at="2026-03-11T15:23:04 IST" duration-ms="4471" status="PASS">
          <reporter-output>
          </reporter-output>
        </test-method> <!-- setup -->
        <test-method signature="verifyPrinterAddToCart()[pri:0, instance:com.tests.AmazonCartTest@b3ca52e]" started-at="2026-03-11T15:23:04 IST" name="verifyPrinterAddToCart" finished-at="2026-03-11T15:23:28 IST" duration-ms="24219" status="PASS">
          <reporter-output>
          </reporter-output>
        </test-method> <!-- verifyPrinterAddToCart -->
        <test-method is-config="true" signature="tearDown()[pri:0, instance:com.tests.AmazonCartTest@b3ca52e]" started-at="2026-03-11T15:23:28 IST" name="tearDown" finished-at="2026-03-11T15:23:29 IST" duration-ms="454" status="PASS">
          <reporter-output>
          </reporter-output>
        </test-method> <!-- tearDown -->
      </class> <!-- com.tests.AmazonCartTest -->
    </test> <!-- Default test -->
  </suite> <!-- Default suite -->
</testng-results>
